<?xml version="1.0" encoding="UTF-8"?>
<!-- Generated by org.testng.reporters.JUnitReportReporter -->
<testsuite hostname="DESKTOP-DR9DKED" name="com.automation.DataDriven.TestScripts.Loan_Enquiry" tests="1" failures="0" timestamp="29 Nov 2020 04:07:13 GMT" time="0.205" errors="1">
  <testcase name="loan_enquiry" time="0.205" classname="com.automation.DataDriven.TestScripts.Loan_Enquiry">
    <error type="org.openqa.selenium.WebDriverException" message="Returned value cannot be converted to WebElement: {stacktrace=Backtrace:
	Ordinal0 [0x0105ECE3+3337443]
	Ordinal0 [0x00F3F041+2158657]
	Ordinal0 [0x00DC6E50+618064]
	Ordinal0 [0x00D437ED+79853]
	Ordinal0 [0x00D618E7+202983]
	Ordinal0 [0x00D5F6F1+194289]
	Ordinal0 [0x00D5F325+193317]
	Ordinal0 [0x00D32244+8772]
	Ordinal0 [0x00D32746+10054]
	Ordinal0 [0x00D32DA1+11681]
	Ordinal0 [0x00F56F2C+2256684]
	GetHandleVerifier [0x011E2FAC+1478332]
	GetHandleVerifier [0x011E2AFD+1477133]
	GetHandleVerifier [0x011EAAD8+1509864]
	GetHandleVerifier [0x011E369E+1480110]
	Ordinal0 [0x00F4D6BD+2217661]
	Ordinal0 [0x00D31FB2+8114]
	Ordinal0 [0x00D31976+6518]
	GetHandleVerifier [0x013D0F3C+3501644]
	BaseThreadInitThunk [0x77526359+25]
	RtlGetAppContainerNamedObjectPath [0x77BF8944+228]
	RtlGetAppContainerNamedObjectPath [0x77BF8914+180]
, error=invalid session id, message=invalid session id}
Build info: version: &#039;2.50.1&#039;, revision: &#039;d7fc91b29de65b790abb01f3ac5f7ea2191c88a7&#039;, time: &#039;2016-01-29 11:11:26&#039;
System info: host: &#039;DESKTOP-DR9DKED&#039;, ip: &#039;192.168.43.3&#039;, os.name: &#039;Windows 10&#039;, os.arch: &#039;amd64&#039;, os.version: &#039;10.0&#039;, java.version: &#039;1.8.0_251&#039;
Driver info: driver.version: RemoteWebDriver">
      <![CDATA[org.openqa.selenium.WebDriverException: Returned value cannot be converted to WebElement: {stacktrace=Backtrace:
	Ordinal0 [0x0105ECE3+3337443]
	Ordinal0 [0x00F3F041+2158657]
	Ordinal0 [0x00DC6E50+618064]
	Ordinal0 [0x00D437ED+79853]
	Ordinal0 [0x00D618E7+202983]
	Ordinal0 [0x00D5F6F1+194289]
	Ordinal0 [0x00D5F325+193317]
	Ordinal0 [0x00D32244+8772]
	Ordinal0 [0x00D32746+10054]
	Ordinal0 [0x00D32DA1+11681]
	Ordinal0 [0x00F56F2C+2256684]
	GetHandleVerifier [0x011E2FAC+1478332]
	GetHandleVerifier [0x011E2AFD+1477133]
	GetHandleVerifier [0x011EAAD8+1509864]
	GetHandleVerifier [0x011E369E+1480110]
	Ordinal0 [0x00F4D6BD+2217661]
	Ordinal0 [0x00D31FB2+8114]
	Ordinal0 [0x00D31976+6518]
	GetHandleVerifier [0x013D0F3C+3501644]
	BaseThreadInitThunk [0x77526359+25]
	RtlGetAppContainerNamedObjectPath [0x77BF8944+228]
	RtlGetAppContainerNamedObjectPath [0x77BF8914+180]
, error=invalid session id, message=invalid session id}
Build info: version: '2.50.1', revision: 'd7fc91b29de65b790abb01f3ac5f7ea2191c88a7', time: '2016-01-29 11:11:26'
System info: host: 'DESKTOP-DR9DKED', ip: '192.168.43.3', os.name: 'Windows 10', os.arch: 'amd64', os.version: '10.0', java.version: '1.8.0_251'
Driver info: driver.version: RemoteWebDriver
	at org.openqa.selenium.remote.RemoteWebDriver.findElement(RemoteWebDriver.java:370)
	at org.openqa.selenium.remote.RemoteWebDriver.findElementById(RemoteWebDriver.java:413)
	at org.openqa.selenium.By$ById.findElement(By.java:218)
	at org.openqa.selenium.remote.RemoteWebDriver.findElement(RemoteWebDriver.java:355)
	at com.automation.DataDriven.TestScripts.Loan_Enquiry.loan_enquiry(Loan_Enquiry.java:21)
	at sun.reflect.NativeMethodAccessorImpl.invoke0(Native Method)
	at sun.reflect.NativeMethodAccessorImpl.invoke(NativeMethodAccessorImpl.java:62)
	at sun.reflect.DelegatingMethodAccessorImpl.invoke(DelegatingMethodAccessorImpl.java:43)
	at java.lang.reflect.Method.invoke(Method.java:498)
	at org.testng.internal.MethodInvocationHelper.invokeMethod(MethodInvocationHelper.java:86)
	at org.testng.internal.Invoker.invokeMethod(Invoker.java:643)
	at org.testng.internal.Invoker.invokeTestMethod(Invoker.java:820)
	at org.testng.internal.Invoker.invokeTestMethods(Invoker.java:1128)
	at org.testng.internal.TestMethodWorker.invokeTestMethods(TestMethodWorker.java:129)
	at org.testng.internal.TestMethodWorker.run(TestMethodWorker.java:112)
	at org.testng.TestRunner.privateRun(TestRunner.java:782)
	at org.testng.TestRunner.run(TestRunner.java:632)
	at org.testng.SuiteRunner.runTest(SuiteRunner.java:366)
	at org.testng.SuiteRunner.runSequentially(SuiteRunner.java:361)
	at org.testng.SuiteRunner.privateRun(SuiteRunner.java:319)
	at org.testng.SuiteRunner.run(SuiteRunner.java:268)
	at org.testng.SuiteRunnerWorker.runSuite(SuiteRunnerWorker.java:52)
	at org.testng.SuiteRunnerWorker.run(SuiteRunnerWorker.java:86)
	at org.testng.TestNG.runSuitesSequentially(TestNG.java:1244)
	at org.testng.TestNG.runSuitesLocally(TestNG.java:1169)
	at org.testng.TestNG.run(TestNG.java:1064)
	at org.testng.remote.AbstractRemoteTestNG.run(AbstractRemoteTestNG.java:115)
	at org.testng.remote.RemoteTestNG.initAndRun(RemoteTestNG.java:251)
	at org.testng.remote.RemoteTestNG.main(RemoteTestNG.java:77)
Caused by: java.lang.ClassCastException: com.google.common.collect.Maps$TransformedEntriesMap cannot be cast to org.openqa.selenium.WebElement
	at org.openqa.selenium.remote.RemoteWebDriver.findElement(RemoteWebDriver.java:368)
	... 28 more
]]>
    </error>
  </testcase> <!-- loan_enquiry -->
</testsuite> <!-- com.automation.DataDriven.TestScripts.Loan_Enquiry -->
