<html>
<head>
<title>TestNG:  Loanenquiry</title>
<link href="../testng.css" rel="stylesheet" type="text/css" />
<link href="../my-testng.css" rel="stylesheet" type="text/css" />

<style type="text/css">
.log { display: none;} 
.stack-trace { display: none;} 
</style>
<script type="text/javascript">
<!--
function flip(e) {
  current = e.style.display;
  if (current == 'block') {
    e.style.display = 'none';
    return 0;
  }
  else {
    e.style.display = 'block';
    return 1;
  }
}

function toggleBox(szDivId, elem, msg1, msg2)
{
  var res = -1;  if (document.getElementById) {
    res = flip(document.getElementById(szDivId));
  }
  else if (document.all) {
    // this is the way old msie versions work
    res = flip(document.all[szDivId]);
  }
  if(elem) {
    if(res == 0) elem.innerHTML = msg1; else elem.innerHTML = msg2;
  }

}

function toggleAllBoxes() {
  if (document.getElementsByTagName) {
    d = document.getElementsByTagName('div');
    for (i = 0; i < d.length; i++) {
      if (d[i].className == 'log') {
        flip(d[i]);
      }
    }
  }
}

// -->
</script>

</head>
<body>
<h2 align='center'>Loanenquiry</h2><table border='1' align="center">
<tr>
<td>Tests passed/Failed/Skipped:</td><td>0/1/0</td>
</tr><tr>
<td>Started on:</td><td>Sun Nov 29 09:37:12 IST 2020</td>
</tr>
<tr><td>Total time:</td><td>0 seconds (400 ms)</td>
</tr><tr>
<td>Included groups:</td><td></td>
</tr><tr>
<td>Excluded groups:</td><td></td>
</tr>
</table><p/>
<small><i>(Hover the method name to see the test class name)</i></small><p/>
<table width='100%' border='1' class='invocation-failed'>
<tr><td colspan='4' align='center'><b>FAILED TESTS</b></td></tr>
<tr><td><b>Test method</b></td>
<td width="30%"><b>Exception</b></td>
<td width="10%"><b>Time (seconds)</b></td>
<td><b>Instance</b></td>
</tr>
<tr>
<td title='com.automation.DataDriven.TestScripts.Loan_Enquiry.loan_enquiry()'><b>loan_enquiry</b><br>Test class: com.automation.DataDriven.TestScripts.Loan_Enquiry</td>
<td><div><pre>org.openqa.selenium.WebDriverException: Returned value cannot be converted to WebElement: {stacktrace=Backtrace:
	Ordinal0 [0x0105ECE3+3337443]
	Ordinal0 [0x00F3F041+2158657]
	Ordinal0 [0x00DC6E50+618064]
	Ordinal0 [0x00D437ED+79853]
	Ordinal0 [0x00D618E7+202983]
	Ordinal0 [0x00D5F6F1+194289]
	Ordinal0 [0x00D5F325+193317]
	Ordinal0 [0x00D32244+8772]
	Ordinal0 [0x00D32746+10054]
	Ordinal0 [0x00D32DA1+11681]
	Ordinal0 [0x00F56F2C+2256684]
	GetHandleVerifier [0x011E2FAC+1478332]
	GetHandleVerifier [0x011E2AFD+1477133]
	GetHandleVerifier [0x011EAAD8+1509864]
	GetHandleVerifier [0x011E369E+1480110]
	Ordinal0 [0x00F4D6BD+2217661]
	Ordinal0 [0x00D31FB2+8114]
	Ordinal0 [0x00D31976+6518]
	GetHandleVerifier [0x013D0F3C+3501644]
	BaseThreadInitThunk [0x77526359+25]
	RtlGetAppContainerNamedObjectPath [0x77BF8944+228]
	RtlGetAppContainerNamedObjectPath [0x77BF8914+180]
, error=invalid session id, message=invalid session id}
Build info: version: &apos;2.50.1&apos;, revision: &apos;d7fc91b29de65b790abb01f3ac5f7ea2191c88a7&apos;, time: &apos;2016-01-29 11:11:26&apos;
System info: host: &apos;DESKTOP-DR9DKED&apos;, ip: &apos;192.168.43.3&apos;, os.name: &apos;Windows 10&apos;, os.arch: &apos;amd64&apos;, os.version: &apos;10.0&apos;, java.version: &apos;1.8.0_251&apos;
Driver info: driver.version: RemoteWebDriver
	at org.openqa.selenium.remote.RemoteWebDriver.findElement(RemoteWebDriver.java:370)
	at org.openqa.selenium.remote.RemoteWebDriver.findElementById(RemoteWebDriver.java:413)
	at org.openqa.selenium.By$ById.findElement(By.java:218)
	at org.openqa.selenium.remote.RemoteWebDriver.findElement(RemoteWebDriver.java:355)
	at com.automation.DataDriven.TestScripts.Loan_Enquiry.loan_enquiry(Loan_Enquiry.java:21)
Caused by: java.lang.ClassCastException: com.google.common.collect.Maps$TransformedEntriesMap cannot be cast to org.openqa.selenium.WebElement
	at org.openqa.selenium.remote.RemoteWebDriver.findElement(RemoteWebDriver.java:368)
	... 28 more
... Removed 24 stack frames</pre></div><a href='#' onClick='toggleBox("stack-trace378814088", this, "Click to show all stack frames", "Click to hide stack frames")'>Click to show all stack frames</a>
<div class='stack-trace' id='stack-trace378814088'><pre>org.openqa.selenium.WebDriverException: Returned value cannot be converted to WebElement: {stacktrace=Backtrace:
	Ordinal0 [0x0105ECE3+3337443]
	Ordinal0 [0x00F3F041+2158657]
	Ordinal0 [0x00DC6E50+618064]
	Ordinal0 [0x00D437ED+79853]
	Ordinal0 [0x00D618E7+202983]
	Ordinal0 [0x00D5F6F1+194289]
	Ordinal0 [0x00D5F325+193317]
	Ordinal0 [0x00D32244+8772]
	Ordinal0 [0x00D32746+10054]
	Ordinal0 [0x00D32DA1+11681]
	Ordinal0 [0x00F56F2C+2256684]
	GetHandleVerifier [0x011E2FAC+1478332]
	GetHandleVerifier [0x011E2AFD+1477133]
	GetHandleVerifier [0x011EAAD8+1509864]
	GetHandleVerifier [0x011E369E+1480110]
	Ordinal0 [0x00F4D6BD+2217661]
	Ordinal0 [0x00D31FB2+8114]
	Ordinal0 [0x00D31976+6518]
	GetHandleVerifier [0x013D0F3C+3501644]
	BaseThreadInitThunk [0x77526359+25]
	RtlGetAppContainerNamedObjectPath [0x77BF8944+228]
	RtlGetAppContainerNamedObjectPath [0x77BF8914+180]
, error=invalid session id, message=invalid session id}
Build info: version: &apos;2.50.1&apos;, revision: &apos;d7fc91b29de65b790abb01f3ac5f7ea2191c88a7&apos;, time: &apos;2016-01-29 11:11:26&apos;
System info: host: &apos;DESKTOP-DR9DKED&apos;, ip: &apos;192.168.43.3&apos;, os.name: &apos;Windows 10&apos;, os.arch: &apos;amd64&apos;, os.version: &apos;10.0&apos;, java.version: &apos;1.8.0_251&apos;
Driver info: driver.version: RemoteWebDriver
	at org.openqa.selenium.remote.RemoteWebDriver.findElement(RemoteWebDriver.java:370)
	at org.openqa.selenium.remote.RemoteWebDriver.findElementById(RemoteWebDriver.java:413)
	at org.openqa.selenium.By$ById.findElement(By.java:218)
	at org.openqa.selenium.remote.RemoteWebDriver.findElement(RemoteWebDriver.java:355)
	at com.automation.DataDriven.TestScripts.Loan_Enquiry.loan_enquiry(Loan_Enquiry.java:21)
	at sun.reflect.NativeMethodAccessorImpl.invoke0(Native Method)
	at sun.reflect.NativeMethodAccessorImpl.invoke(NativeMethodAccessorImpl.java:62)
	at sun.reflect.DelegatingMethodAccessorImpl.invoke(DelegatingMethodAccessorImpl.java:43)
	at java.lang.reflect.Method.invoke(Method.java:498)
	at org.testng.internal.MethodInvocationHelper.invokeMethod(MethodInvocationHelper.java:86)
	at org.testng.internal.Invoker.invokeMethod(Invoker.java:643)
	at org.testng.internal.Invoker.invokeTestMethod(Invoker.java:820)
	at org.testng.internal.Invoker.invokeTestMethods(Invoker.java:1128)
	at org.testng.internal.TestMethodWorker.invokeTestMethods(TestMethodWorker.java:129)
	at org.testng.internal.TestMethodWorker.run(TestMethodWorker.java:112)
	at org.testng.TestRunner.privateRun(TestRunner.java:782)
	at org.testng.TestRunner.run(TestRunner.java:632)
	at org.testng.SuiteRunner.runTest(SuiteRunner.java:366)
	at org.testng.SuiteRunner.runSequentially(SuiteRunner.java:361)
	at org.testng.SuiteRunner.privateRun(SuiteRunner.java:319)
	at org.testng.SuiteRunner.run(SuiteRunner.java:268)
	at org.testng.SuiteRunnerWorker.runSuite(SuiteRunnerWorker.java:52)
	at org.testng.SuiteRunnerWorker.run(SuiteRunnerWorker.java:86)
	at org.testng.TestNG.runSuitesSequentially(TestNG.java:1244)
	at org.testng.TestNG.runSuitesLocally(TestNG.java:1169)
	at org.testng.TestNG.run(TestNG.java:1064)
	at org.testng.remote.AbstractRemoteTestNG.run(AbstractRemoteTestNG.java:115)
	at org.testng.remote.RemoteTestNG.initAndRun(RemoteTestNG.java:251)
	at org.testng.remote.RemoteTestNG.main(RemoteTestNG.java:77)
Caused by: java.lang.ClassCastException: com.google.common.collect.Maps$TransformedEntriesMap cannot be cast to org.openqa.selenium.WebElement
	at org.openqa.selenium.remote.RemoteWebDriver.findElement(RemoteWebDriver.java:368)
	... 28 more
</pre></div></td>
<td>0</td>
<td>com.automation.DataDriven.TestScripts.Loan_Enquiry@2133814f</td></tr>
</table><p>
</body>
</html>